\BOOKMARK [0][-]{chapter.1}{\376\377\000W\000p\000r\000o\000w\000a\000d\000z\000e\000n\000i\000e}{}% 1
\BOOKMARK [1][-]{section.1.1}{\376\377\000Z\000a\001\102\000o\001\174\000e\000n\000i\000a\000\040\000i\000\040\000c\000e\000l\000e}{chapter.1}% 2
\BOOKMARK [2][-]{subsection.1.1.1}{\376\377\000U\000t\000r\000u\000d\000n\000i\000e\000n\000i\000a\000\040\000w\000\040\000j\001\031\000z\000y\000k\000a\000c\000h\000\040\000s\001\102\000a\000b\000o\000\040\000t\000y\000p\000o\000w\000a\000n\000y\000c\000h}{section.1.1}% 3
\BOOKMARK [2][-]{subsection.1.1.2}{\376\377\000U\000t\000r\000u\000d\000n\000i\000e\000n\000i\000a\000\040\000w\000\040\000R\000u\000b\000y}{section.1.1}% 4
\BOOKMARK [2][-]{subsection.1.1.3}{\376\377\000A\000k\000t\000u\000a\000l\000n\000y\000\040\000s\000t\000a\000n}{section.1.1}% 5
\BOOKMARK [2][-]{subsection.1.1.4}{\376\377\000Z\000a\001\102\000o\001\174\000e\000n\000i\000a\000\040\000i\000\040\000c\000e\000l\000e}{section.1.1}% 6
\BOOKMARK [0][-]{chapter.2}{\376\377\000R\000o\000z\000w\000i\001\005\000z\000a\000n\000i\000e}{}% 7
\BOOKMARK [1][-]{section.2.1}{\376\377\000A\000r\000c\000h\000i\000t\000e\000k\000t\000u\000r\000a}{chapter.2}% 8
\BOOKMARK [2][-]{subsection.2.1.1}{\376\377\000P\000r\000o\000t\000o\000k\000\363\001\102\000\040\000k\000o\000m\000u\000n\000i\000k\000a\000c\000j\000i\000\040\000z\000\040\000e\000d\000y\000t\000o\000r\000e\000m\000\040\000t\000e\000k\000s\000t\000u}{section.2.1}% 9
\BOOKMARK [1][-]{section.2.2}{\376\377\000P\000r\000o\000c\000e\000s\000\040\000p\000o\000z\000y\000s\000k\000i\000w\000a\000n\000i\000a\000\040\000i\000n\000f\000o\000r\000m\000a\000c\000j\000i\000\040\000\050\000?\000\051}{chapter.2}% 10
\BOOKMARK [2][-]{subsection.2.2.1}{\376\377\000F\000u\000n\000k\000c\000j\000o\000n\000a\000l\000n\000o\001\133\000c\000i}{section.2.2}% 11
\BOOKMARK [2][-]{subsection.2.2.2}{\376\377\000I\000n\000d\000e\000k\000s\000o\000w\000a\000n\000i\000e}{section.2.2}% 12
\BOOKMARK [1][-]{section.2.3}{\376\377\000B\000u\000d\000o\000w\000a\000n\000i\000e\000\040\000g\000r\000a\000f\000u}{chapter.2}% 13
\BOOKMARK [2][-]{subsection.2.3.1}{\376\377\000W\000s\000t\001\031\000p}{section.2.3}% 14
\BOOKMARK [2][-]{subsection.2.3.2}{\376\377\000L\000i\000t\000e\000r\000a\001\102\000y}{section.2.3}% 15
\BOOKMARK [2][-]{subsection.2.3.3}{\376\377\000L\000i\000t\000e\000r\000a\001\102\000y\000\040\000t\000a\000b\000l\000i\000c\000\040\000i\000\040\000s\001\102\000o\000w\000n\000i\000k\000\363\000w}{section.2.3}% 16
\BOOKMARK [2][-]{subsection.2.3.4}{\376\377\000P\000a\000r\001\031\000\040\000p\000o\000z\000o\000r\000n\000i\000e\000\040\001\102\000a\000t\000w\000y\000c\000h\000,\000\040\000a\000\040\000p\000o\000d\001\102\000y\000c\000h\000\040\000p\000r\000z\000y\000p\000a\000d\000k\000\363\000w}{section.2.3}% 17
\BOOKMARK [2][-]{subsection.2.3.5}{\376\377\000K\000l\000a\000s\000y\000,\000\040\000m\000o\000d\000u\001\102\000y\000\040\000i\000\040\000i\000n\000n\000e\000\040\000s\000t\000a\001\102\000e}{section.2.3}% 18
\BOOKMARK [2][-]{subsection.2.3.6}{\376\377\000M\000e\000t\000o\000d\000y}{section.2.3}% 19
\BOOKMARK [2][-]{subsection.2.3.7}{\376\377\000D\000z\000i\000e\000d\000z\000i\000c\000z\000e\000n\000i\000e}{section.2.3}% 20
\BOOKMARK [2][-]{subsection.2.3.8}{\376\377\000a\000t\000t\000r\000\040\000r\000e\000a\000d\000e\000r\000,\000\040\000p\000r\000i\000v\000a\000t\000e}{section.2.3}% 21
\BOOKMARK [2][-]{subsection.2.3.9}{\376\377\000W\000y\000w\000o\001\102\000a\000n\000i\000a\000\040\000m\000e\000t\000o\000d}{section.2.3}% 22
\BOOKMARK [2][-]{subsection.2.3.10}{\376\377\000W\000y\000w\000o\001\102\000a\000n\000i\000a\000\040\000s\000u\000p\000e\000r}{section.2.3}% 23
\BOOKMARK [2][-]{subsection.2.3.11}{\376\377\000K\000l\000a\000s\000y\000\040\000s\000i\000n\000g\000l\000e\000t\000o\000n\000o\000w\000e}{section.2.3}% 24
\BOOKMARK [2][-]{subsection.2.3.12}{\376\377\000I\000n\000c\000l\000u\000d\000e\000/\000e\000x\000t\000e\000n\000d\000/\000p\000r\000e\000p\000a\000r\000e}{section.2.3}% 25
\BOOKMARK [2][-]{subsection.2.3.13}{\376\377\000Z\000m\000i\000e\000n\000n\000e\000\040\000g\000l\000o\000b\000a\000l\000n\000e\000\040\000i\000n\000s\000t\000a\000n\000c\000j\000i\000,\000\040\000k\000l\000a\000s\000o\000w\000e\000,\000\040\000i\000n\000s\000t\000a\000n\000c\000j\000i\000\040\000k\000l\000a\000s}{section.2.3}% 26
\BOOKMARK [2][-]{subsection.2.3.14}{\376\377\000B\000l\000o\000k\000i\000\040\000/\000\040\000l\000a\000m\000b\000d\000y}{section.2.3}% 27
\BOOKMARK [2][-]{subsection.2.3.15}{\376\377\000S\000t\000r\000u\000k\000t\000u\000r\000y}{section.2.3}% 28
\BOOKMARK [2][-]{subsection.2.3.16}{\376\377\000B\000i\000b\000l\000i\000o\000t\000e\000k\000a\000\040\000s\000t\000a\000n\000d\000a\000r\000d\000o\000w\000a}{section.2.3}% 29
\BOOKMARK [1][-]{section.2.4}{\376\377\000W\000n\000i\000o\000s\000k\000o\000w\000a\000n\000i\000e\000\040\000t\000y\000p\000u}{chapter.2}% 30
\BOOKMARK [2][-]{subsection.2.4.1}{\376\377\000T\000y\000p\000y}{section.2.4}% 31
\BOOKMARK [2][-]{subsection.2.4.2}{\376\377\000S\000p\000e\000c\000j\000a\000l\000n\000y\000\040\000t\000y\000p\000\040\000-\000\040\000A\000r\000r\000a\000y\000/\000T\000u\000p\000l\000e}{section.2.4}% 32
\BOOKMARK [2][-]{subsection.2.4.3}{\376\377\000S\000p\000e\000c\000j\000a\000l\000n\000y\000\040\000t\000y\000p\000\040\000-\000\040\000H\000a\000s\000h}{section.2.4}% 33
\BOOKMARK [2][-]{subsection.2.4.4}{\376\377\000W\000y\000w\000o\001\102\000a\000n\000i\000a\000\040\000p\000o\000p\000u\000l\000a\000r\000n\000y\000c\000h\000\040\000f\000u\000n\000k\000c\000j\000i\000\040\000p\000o\000l\000i\000m\000o\000r\000f\000i\000c\000z\000n\000y\000c\000h\000,\000\040\000A\000r\000r\000a\000y\000.\000m\000a\000p}{section.2.4}% 34
\BOOKMARK [2][-]{subsection.2.4.5}{\376\377\000S\000z\000c\000z\000e\000g\000\363\000l\000n\000e\000\040\000f\000u\000n\000k\000c\000j\000e\000\040\000w\000\040\000O\000b\000j\000e\000c\000t}{section.2.4}% 35
\BOOKMARK [1][-]{section.2.5}{\376\377\000F\000u\000t\000u\000r\000e\000\040\000w\000o\000r\000k}{chapter.2}% 36
\BOOKMARK [2][-]{subsection.2.5.1}{\376\377\000M\000o\000r\000e\000\040\000m\000e\000t\000a\000p\000r\000o\000g\000r\000a\000m\000m\000i\000n\000g\000\040\000i\000n\000t\000e\000l\000l\000i\000g\000e\000n\000c\000e}{section.2.5}% 37
\BOOKMARK [2][-]{subsection.2.5.2}{\376\377\000B\000u\000n\000d\000l\000e\000r\000,\000\040\000g\000e\000m\000s\000\040\000a\000n\000d\000\040\000l\000i\000b\000r\000a\000r\000i\000e\000s}{section.2.5}% 38
\BOOKMARK [2][-]{subsection.2.5.3}{\376\377\000Y\000A\000R\000D}{section.2.5}% 39
\BOOKMARK [2][-]{subsection.2.5.4}{\376\377\000R\000u\000s\000t\000\040\000i\000m\000p\000l\000e\000m\000e\000n\000t\000a\000t\000i\000o\000n}{section.2.5}% 40
\BOOKMARK [2][-]{subsection.2.5.5}{\376\377\000C\000a\000c\000h\000i\000n\000g}{section.2.5}% 41
\BOOKMARK [2][-]{subsection.2.5.6}{\376\377\000T\000r\000a\000c\000k\000i\000n\000g\000\040\000e\000f\000f\000e\000c\000t\000s\000,\000\040\000e\000x\000.\000\040\000e\000x\000c\000e\000p\000t\000i\000o\000n\000s}{section.2.5}% 42
\BOOKMARK [2][-]{subsection.2.5.7}{\376\377\000T\000r\000a\000c\000e\000p\000o\000i\000n\000t}{section.2.5}% 43
